<?xml version="1.0" encoding="UTF-8"?>
<!-- Generated by org.testng.reporters.JUnitXMLReporter -->
<testsuite hostname="Lenovo-PC" ignored="0" name="Test1" tests="2" failures="1" timestamp="02 Jun 2020 02:30:58 GMT" time="71.806" errors="0">
  <testcase name="login" time="14.65" classname="com.org.mypac.POMClass"/>
  <testcase name="adduser" time="26.541" classname="com.org.mypac.POMClass">
    <failure type="java.lang.AssertionError" message="adduser() failed to execute expected [true] but found [false]">
      <![CDATA[java.lang.AssertionError: adduser() failed to execute expected [true] but found [false]
at com.org.mypac.POMClass.adduser(POMClass.java:36)
at java.util.concurrent.FutureTask.run(FutureTask.java:266)
at java.util.concurrent.ThreadPoolExecutor.runWorker(ThreadPoolExecutor.java:1142)
at java.util.concurrent.ThreadPoolExecutor$Worker.run(ThreadPoolExecutor.java:617)
at java.lang.Thread.run(Thread.java:745)
... Removed 19 stack frames]]>
    </failure>
  </testcase> <!-- adduser -->
</testsuite> <!-- Test1 -->
