<?xml version="1.0" encoding="UTF-8"?>
<testsuite name="TestSuite" time="41.229" tests="2" errors="0" skipped="0" failures="1">
  <properties>
[...]
</properties>
  <testcase name="login" classname="com.org.mypac.POMClass" time="14.658"/>
  <testcase name="adduser" classname="com.org.mypac.POMClass" time="26.571">
    <failure message="adduser() failed to execute expected [true] but found [false]" type="java.lang.AssertionError">java.lang.AssertionError: adduser() failed to execute expected [true] but found [false]
	at org.testng.Assert.fail(Assert.java:96)
	at org.testng.Assert.failNotEquals(Assert.java:776)
	at org.testng.Assert.assertTrue(Assert.java:44)
	at com.org.mypac.POMClass.adduser(POMClass.java:36)
</failure>
    <system-out>2020-06-02 08:00:23 INFO  POMClass:29 - :::::executing adduser test
2020-06-02 08:00:23 INFO  SaveSystemUserClass:42 - Executing Adding users method
2020-06-02 08:00:25 INFO  SaveSystemUserClass:52 - Adding user : John Smith
2020-06-02 08:00:33 INFO  SaveSystemUserClass:52 - Adding user : Linda Anderson
2020-06-02 08:00:40 INFO  SaveSystemUserClass:52 - Adding user : Russel Hamilton
2020-06-02 08:00:47 INFO  SaveSystemUserClass:70 - Adding user from database:::::::::::
Connection not establised correcrtly
</system-out>
  </testcase>
</testsuite>