<?xml version="1.0" encoding="UTF-8"?>
<testng-results skipped="0" failed="0" total="1" passed="1">
  <reporter-output>
  </reporter-output>
  <suite name="Default suite" duration-ms="44553" started-at="2020-06-16T03:37:10Z" finished-at="2020-06-16T03:37:55Z">
    <groups>
    </groups>
    <test name="Default test" duration-ms="44553" started-at="2020-06-16T03:37:10Z" finished-at="2020-06-16T03:37:55Z">
      <class name="com.org.mypac.ScreenshotClass">
        <test-method status="PASS" signature="t()[pri:0, instance:com.org.mypac.ScreenshotClass@22f71333]" name="t" duration-ms="38395" started-at="2020-06-16T09:07:10Z" finished-at="2020-06-16T09:07:49Z">
          <reporter-output>
          </reporter-output>
        </test-method> <!-- t -->
        <test-method status="PASS" signature="af()[pri:0, instance:com.org.mypac.ScreenshotClass@22f71333]" name="af" is-config="true" duration-ms="6119" started-at="2020-06-16T09:07:49Z" finished-at="2020-06-16T09:07:55Z">
          <reporter-output>
          </reporter-output>
        </test-method> <!-- af -->
      </class> <!-- com.org.mypac.ScreenshotClass -->
    </test> <!-- Default test -->
  </suite> <!-- Default suite -->
</testng-results>
